# JRE version: OpenJDK Runtime Environment Temurin-21.0.9+10 (21.0.9+10) (build 21.0.9+10-LTS)
# Java VM: OpenJDK 64-Bit Server VM Temurin-21.0.9+10 (21.0.9+10-LTS, mixed mode, sharing, tiered, compressed oops, compressed class ptrs, parallel gc, windows-amd64)
GC Precious Log:
 CardTable entry size: 512
 CPUs: 12 total, 12 available
 Memory: 16068M
 Large Page Support: Disabled
 NUMA Support: Disabled
 Compressed Oops: Enabled (32-bit)
 Alignments: Space 512K, Generation 512K, Heap 2M
 Heap Min Capacity: 100M
 Heap Initial Capacity: 100M
 Heap Max Capacity: 2G
 Pre-touch: Disabled
 Parallel Workers: 10
Heap:
 PSYoungGen      total 19968K, used 7365K [0x00000000d5580000, 0x00000000d6f00000, 0x0000000100000000)
  eden space 18432K, 34% used [0x00000000d5580000,0x00000000d5ba97a8,0x00000000d6780000)
  from space 1536K, 68% used [0x00000000d6780000,0x00000000d6888000,0x00000000d6900000)
  to   space 3072K, 0% used [0x00000000d6c00000,0x00000000d6c00000,0x00000000d6f00000)
 ParOldGen       total 68608K, used 26243K [0x0000000080000000, 0x0000000084300000, 0x00000000d5580000)
  object space 68608K, 38% used [0x0000000080000000,0x00000000819a0e30,0x0000000084300000)
 Metaspace       used 42306K, committed 43584K, reserved 1114112K
  class space    used 4557K, committed 5120K, reserved 1048576K
GC Heap History (20 events):
Event: 6.573 GC heap before
{Heap before GC invocations=10 (full 1):
 PSYoungGen      total 25600K, used 25152K [0x00000000d5580000, 0x00000000d7500000, 0x0000000100000000)
  eden space 24064K, 100% used [0x00000000d5580000,0x00000000d6d00000,0x00000000d6d00000)
  from space 1536K, 70% used [0x00000000d7380000,0x00000000d7490388,0x00000000d7500000)
  to   space 2560K, 0% used [0x00000000d7000000,0x00000000d7000000,0x00000000d7280000)
 ParOldGen       total 68608K, used 12966K [0x0000000080000000, 0x0000000084300000, 0x00000000d5580000)
  object space 68608K, 18% used [0x0000000080000000,0x0000000080ca9958,0x0000000084300000)
 Metaspace       used 26348K, committed 27328K, reserved 1114112K
  class space    used 2650K, committed 3008K, reserved 1048576K
}
Event: 6.577 GC heap after
{Heap after GC invocations=10 (full 1):
 PSYoungGen      total 25088K, used 1457K [0x00000000d5580000, 0x00000000d7400000, 0x0000000100000000)
  eden space 23552K, 0% used [0x00000000d5580000,0x00000000d5580000,0x00000000d6c80000)
  from space 1536K, 94% used [0x00000000d7000000,0x00000000d716c510,0x00000000d7180000)
  to   space 2048K, 0% used [0x00000000d7200000,0x00000000d7200000,0x00000000d7400000)
 ParOldGen       total 68608K, used 12974K [0x0000000080000000, 0x0000000084300000, 0x00000000d5580000)
  object space 68608K, 18% used [0x0000000080000000,0x0000000080cab958,0x0000000084300000)
 Metaspace       used 26348K, committed 27328K, reserved 1114112K
  class space    used 2650K, committed 3008K, reserved 1048576K
}
Event: 7.148 GC heap before
{Heap before GC invocations=11 (full 1):
 PSYoungGen      total 25088K, used 25009K [0x00000000d5580000, 0x00000000d7400000, 0x0000000100000000)
  eden space 23552K, 100% used [0x00000000d5580000,0x00000000d6c80000,0x00000000d6c80000)
  from space 1536K, 94% used [0x00000000d7000000,0x00000000d716c510,0x00000000d7180000)
  to   space 2048K, 0% used [0x00000000d7200000,0x00000000d7200000,0x00000000d7400000)
 ParOldGen       total 68608K, used 12974K [0x0000000080000000, 0x0000000084300000, 0x00000000d5580000)
  object space 68608K, 18% used [0x0000000080000000,0x0000000080cab958,0x0000000084300000)
 Metaspace       used 28074K, committed 29056K, reserved 1114112K
  class space    used 2830K, committed 3200K, reserved 1048576K
}
Event: 7.151 GC heap after
{Heap after GC invocations=11 (full 1):
 PSYoungGen      total 25088K, used 1726K [0x00000000d5580000, 0x00000000d7400000, 0x0000000100000000)
  eden space 23040K, 0% used [0x00000000d5580000,0x00000000d5580000,0x00000000d6c00000)
  from space 2048K, 84% used [0x00000000d7200000,0x00000000d73af988,0x00000000d7400000)
  to   space 2048K, 0% used [0x00000000d7000000,0x00000000d7000000,0x00000000d7200000)
 ParOldGen       total 68608K, used 14588K [0x0000000080000000, 0x0000000084300000, 0x00000000d5580000)
  object space 68608K, 21% used [0x0000000080000000,0x0000000080e3f118,0x0000000084300000)
 Metaspace       used 28074K, committed 29056K, reserved 1114112K
  class space    used 2830K, committed 3200K, reserved 1048576K
}
Event: 7.890 GC heap before
{Heap before GC invocations=12 (full 1):
 PSYoungGen      total 25088K, used 24766K [0x00000000d5580000, 0x00000000d7400000, 0x0000000100000000)
  eden space 23040K, 100% used [0x00000000d5580000,0x00000000d6c00000,0x00000000d6c00000)
  from space 2048K, 84% used [0x00000000d7200000,0x00000000d73af988,0x00000000d7400000)
  to   space 2048K, 0% used [0x00000000d7000000,0x00000000d7000000,0x00000000d7200000)
 ParOldGen       total 68608K, used 14588K [0x0000000080000000, 0x0000000084300000, 0x00000000d5580000)
  object space 68608K, 21% used [0x0000000080000000,0x0000000080e3f118,0x0000000084300000)
 Metaspace       used 31347K, committed 32448K, reserved 1114112K
  class space    used 3192K, committed 3584K, reserved 1048576K
}
Event: 7.893 GC heap after
{Heap after GC invocations=12 (full 1):
 PSYoungGen      total 24064K, used 1512K [0x00000000d5580000, 0x00000000d7280000, 0x0000000100000000)
  eden space 22528K, 0% used [0x00000000d5580000,0x00000000d5580000,0x00000000d6b80000)
  from space 1536K, 98% used [0x00000000d7000000,0x00000000d717a1d8,0x00000000d7180000)
  to   space 1024K, 0% used [0x00000000d7180000,0x00000000d7180000,0x00000000d7280000)
 ParOldGen       total 68608K, used 16009K [0x0000000080000000, 0x0000000084300000, 0x00000000d5580000)
  object space 68608K, 23% used [0x0000000080000000,0x0000000080fa27e8,0x0000000084300000)
 Metaspace       used 31347K, committed 32448K, reserved 1114112K
  class space    used 3192K, committed 3584K, reserved 1048576K
}
Event: 8.394 GC heap before
{Heap before GC invocations=13 (full 1):
 PSYoungGen      total 24064K, used 24040K [0x00000000d5580000, 0x00000000d7280000, 0x0000000100000000)
  eden space 22528K, 100% used [0x00000000d5580000,0x00000000d6b80000,0x00000000d6b80000)
  from space 1536K, 98% used [0x00000000d7000000,0x00000000d717a1d8,0x00000000d7180000)
  to   space 1024K, 0% used [0x00000000d7180000,0x00000000d7180000,0x00000000d7280000)
 ParOldGen       total 68608K, used 16009K [0x0000000080000000, 0x0000000084300000, 0x00000000d5580000)
  object space 68608K, 23% used [0x0000000080000000,0x0000000080fa27e8,0x0000000084300000)
 Metaspace       used 33189K, committed 34304K, reserved 1114112K
  class space    used 3438K, committed 3904K, reserved 1048576K
}
Event: 8.396 GC heap after
{Heap after GC invocations=13 (full 1):
 PSYoungGen      total 23040K, used 1005K [0x00000000d5580000, 0x00000000d7280000, 0x0000000100000000)
  eden space 22016K, 0% used [0x00000000d5580000,0x00000000d5580000,0x00000000d6b00000)
  from space 1024K, 98% used [0x00000000d7180000,0x00000000d727b7d0,0x00000000d7280000)
  to   space 3072K, 0% used [0x00000000d6c80000,0x00000000d6c80000,0x00000000d6f80000)
 ParOldGen       total 68608K, used 17634K [0x0000000080000000, 0x0000000084300000, 0x00000000d5580000)
  object space 68608K, 25% used [0x0000000080000000,0x0000000081138800,0x0000000084300000)
 Metaspace       used 33189K, committed 34304K, reserved 1114112K
  class space    used 3438K, committed 3904K, reserved 1048576K
}
Event: 8.501 GC heap before
{Heap before GC invocations=14 (full 1):
 PSYoungGen      total 23040K, used 14514K [0x00000000d5580000, 0x00000000d7280000, 0x0000000100000000)
  eden space 22016K, 61% used [0x00000000d5580000,0x00000000d62b13d0,0x00000000d6b00000)
  from space 1024K, 98% used [0x00000000d7180000,0x00000000d727b7d0,0x00000000d7280000)
  to   space 3072K, 0% used [0x00000000d6c80000,0x00000000d6c80000,0x00000000d6f80000)
 ParOldGen       total 68608K, used 17634K [0x0000000080000000, 0x0000000084300000, 0x00000000d5580000)
  object space 68608K, 25% used [0x0000000080000000,0x0000000081138800,0x0000000084300000)
 Metaspace       used 34728K, committed 35840K, reserved 1114112K
  class space    used 3618K, committed 4096K, reserved 1048576K
}
Event: 8.503 GC heap after
{Heap after GC invocations=14 (full 1):
 PSYoungGen      total 25088K, used 932K [0x00000000d5580000, 0x00000000d7200000, 0x0000000100000000)
  eden space 22016K, 0% used [0x00000000d5580000,0x00000000d5580000,0x00000000d6b00000)
  from space 3072K, 30% used [0x00000000d6c80000,0x00000000d6d690b0,0x00000000d6f80000)
  to   space 2048K, 0% used [0x00000000d7000000,0x00000000d7000000,0x00000000d7200000)
 ParOldGen       total 68608K, used 18599K [0x0000000080000000, 0x0000000084300000, 0x00000000d5580000)
  object space 68608K, 27% used [0x0000000080000000,0x0000000081229f78,0x0000000084300000)
 Metaspace       used 34728K, committed 35840K, reserved 1114112K
  class space    used 3618K, committed 4096K, reserved 1048576K
}
Event: 8.503 GC heap before
{Heap before GC invocations=15 (full 2):
 PSYoungGen      total 25088K, used 932K [0x00000000d5580000, 0x00000000d7200000, 0x0000000100000000)
  eden space 22016K, 0% used [0x00000000d5580000,0x00000000d5580000,0x00000000d6b00000)
  from space 3072K, 30% used [0x00000000d6c80000,0x00000000d6d690b0,0x00000000d6f80000)
  to   space 2048K, 0% used [0x00000000d7000000,0x00000000d7000000,0x00000000d7200000)
 ParOldGen       total 68608K, used 18599K [0x0000000080000000, 0x0000000084300000, 0x00000000d5580000)
  object space 68608K, 27% used [0x0000000080000000,0x0000000081229f78,0x0000000084300000)
 Metaspace       used 34728K, committed 35840K, reserved 1114112K
  class space    used 3618K, committed 4096K, reserved 1048576K
}
Event: 8.536 GC heap after
{Heap after GC invocations=15 (full 2):
 PSYoungGen      total 25088K, used 0K [0x00000000d5580000, 0x00000000d7200000, 0x0000000100000000)
  eden space 22016K, 0% used [0x00000000d5580000,0x00000000d5580000,0x00000000d6b00000)
  from space 3072K, 0% used [0x00000000d6c80000,0x00000000d6c80000,0x00000000d6f80000)
  to   space 2048K, 0% used [0x00000000d7000000,0x00000000d7000000,0x00000000d7200000)
 ParOldGen       total 68608K, used 18339K [0x0000000080000000, 0x0000000084300000, 0x00000000d5580000)
  object space 68608K, 26% used [0x0000000080000000,0x00000000811e8f90,0x0000000084300000)
 Metaspace       used 34728K, committed 35840K, reserved 1114112K
  class space    used 3618K, committed 4096K, reserved 1048576K
}
Event: 8.780 GC heap before
{Heap before GC invocations=16 (full 2):
 PSYoungGen      total 25088K, used 22016K [0x00000000d5580000, 0x00000000d7200000, 0x0000000100000000)
  eden space 22016K, 100% used [0x00000000d5580000,0x00000000d6b00000,0x00000000d6b00000)
  from space 3072K, 0% used [0x00000000d6c80000,0x00000000d6c80000,0x00000000d6f80000)
  to   space 2048K, 0% used [0x00000000d7000000,0x00000000d7000000,0x00000000d7200000)
 ParOldGen       total 68608K, used 18339K [0x0000000080000000, 0x0000000084300000, 0x00000000d5580000)
  object space 68608K, 26% used [0x0000000080000000,0x00000000811e8f90,0x0000000084300000)
 Metaspace       used 36899K, committed 38016K, reserved 1114112K
  class space    used 3899K, committed 4352K, reserved 1048576K
}
Event: 8.782 GC heap after
{Heap after GC invocations=16 (full 2):
 PSYoungGen      total 24064K, used 2048K [0x00000000d5580000, 0x00000000d7200000, 0x0000000100000000)
  eden space 22016K, 0% used [0x00000000d5580000,0x00000000d5580000,0x00000000d6b00000)
  from space 2048K, 100% used [0x00000000d7000000,0x00000000d7200000,0x00000000d7200000)
  to   space 2560K, 0% used [0x00000000d6d00000,0x00000000d6d00000,0x00000000d6f80000)
 ParOldGen       total 68608K, used 18391K [0x0000000080000000, 0x0000000084300000, 0x00000000d5580000)
  object space 68608K, 26% used [0x0000000080000000,0x00000000811f5ca8,0x0000000084300000)
 Metaspace       used 36899K, committed 38016K, reserved 1114112K
  class space    used 3899K, committed 4352K, reserved 1048576K
}
Event: 9.089 GC heap before
{Heap before GC invocations=17 (full 2):
 PSYoungGen      total 24064K, used 24064K [0x00000000d5580000, 0x00000000d7200000, 0x0000000100000000)
  eden space 22016K, 100% used [0x00000000d5580000,0x00000000d6b00000,0x00000000d6b00000)
  from space 2048K, 100% used [0x00000000d7000000,0x00000000d7200000,0x00000000d7200000)
  to   space 2560K, 0% used [0x00000000d6d00000,0x00000000d6d00000,0x00000000d6f80000)
 ParOldGen       total 68608K, used 18391K [0x0000000080000000, 0x0000000084300000, 0x00000000d5580000)
  object space 68608K, 26% used [0x0000000080000000,0x00000000811f5ca8,0x0000000084300000)
 Metaspace       used 39032K, committed 40256K, reserved 1114112K
  class space    used 4152K, committed 4672K, reserved 1048576K
}
Event: 9.092 GC heap after
{Heap after GC invocations=17 (full 2):
 PSYoungGen      total 23552K, used 1440K [0x00000000d5580000, 0x00000000d7080000, 0x0000000100000000)
  eden space 22016K, 0% used [0x00000000d5580000,0x00000000d5580000,0x00000000d6b00000)
  from space 1536K, 93% used [0x00000000d6d00000,0x00000000d6e68000,0x00000000d6e80000)
  to   space 2048K, 0% used [0x00000000d6e80000,0x00000000d6e80000,0x00000000d7080000)
 ParOldGen       total 68608K, used 20229K [0x0000000080000000, 0x0000000084300000, 0x00000000d5580000)
  object space 68608K, 29% used [0x0000000080000000,0x00000000813c1400,0x0000000084300000)
 Metaspace       used 39032K, committed 40256K, reserved 1114112K
  class space    used 4152K, committed 4672K, reserved 1048576K
}
Event: 9.274 GC heap before
{Heap before GC invocations=18 (full 2):
 PSYoungGen      total 23552K, used 23456K [0x00000000d5580000, 0x00000000d7080000, 0x0000000100000000)
  eden space 22016K, 100% used [0x00000000d5580000,0x00000000d6b00000,0x00000000d6b00000)
  from space 1536K, 93% used [0x00000000d6d00000,0x00000000d6e68000,0x00000000d6e80000)
  to   space 2048K, 0% used [0x00000000d6e80000,0x00000000d6e80000,0x00000000d7080000)
 ParOldGen       total 68608K, used 20229K [0x0000000080000000, 0x0000000084300000, 0x00000000d5580000)
  object space 68608K, 29% used [0x0000000080000000,0x00000000813c1400,0x0000000084300000)
 Metaspace       used 39688K, committed 40896K, reserved 1114112K
  class space    used 4215K, committed 4736K, reserved 1048576K
}
Event: 9.277 GC heap after
{Heap after GC invocations=18 (full 2):
 PSYoungGen      total 20480K, used 2038K [0x00000000d5580000, 0x00000000d7900000, 0x0000000100000000)
  eden space 18432K, 0% used [0x00000000d5580000,0x00000000d5580000,0x00000000d6780000)
  from space 2048K, 99% used [0x00000000d6e80000,0x00000000d707dbf0,0x00000000d7080000)
  to   space 7168K, 0% used [0x00000000d6780000,0x00000000d6780000,0x00000000d6e80000)
 ParOldGen       total 68608K, used 24146K [0x0000000080000000, 0x0000000084300000, 0x00000000d5580000)
  object space 68608K, 35% used [0x0000000080000000,0x0000000081794ab0,0x0000000084300000)
 Metaspace       used 39688K, committed 40896K, reserved 1114112K
  class space    used 4215K, committed 4736K, reserved 1048576K
}
Event: 9.907 GC heap before
{Heap before GC invocations=19 (full 2):
 PSYoungGen      total 20480K, used 20470K [0x00000000d5580000, 0x00000000d7900000, 0x0000000100000000)
  eden space 18432K, 100% used [0x00000000d5580000,0x00000000d6780000,0x00000000d6780000)
  from space 2048K, 99% used [0x00000000d6e80000,0x00000000d707dbf0,0x00000000d7080000)
  to   space 7168K, 0% used [0x00000000d6780000,0x00000000d6780000,0x00000000d6e80000)
 ParOldGen       total 68608K, used 24146K [0x0000000080000000, 0x0000000084300000, 0x00000000d5580000)
  object space 68608K, 35% used [0x0000000080000000,0x0000000081794ab0,0x0000000084300000)
 Metaspace       used 41641K, committed 42944K, reserved 1114112K
  class space    used 4469K, committed 5056K, reserved 1048576K
}
Event: 9.911 GC heap after
{Heap after GC invocations=19 (full 2):
 PSYoungGen      total 19968K, used 1056K [0x00000000d5580000, 0x00000000d6f00000, 0x0000000100000000)
  eden space 18432K, 0% used [0x00000000d5580000,0x00000000d5580000,0x00000000d6780000)
  from space 1536K, 68% used [0x00000000d6780000,0x00000000d6888000,0x00000000d6900000)
  to   space 3072K, 0% used [0x00000000d6c00000,0x00000000d6c00000,0x00000000d6f00000)
 ParOldGen       total 68608K, used 26243K [0x0000000080000000, 0x0000000084300000, 0x00000000d5580000)
  object space 68608K, 38% used [0x0000000080000000,0x00000000819a0e30,0x0000000084300000)
 Metaspace       used 41641K, committed 42944K, reserved 1114112K
  class space    used 4469K, committed 5056K, reserved 1048576K
}

