# JRE version: OpenJDK Runtime Environment Temurin-21.0.9+10 (21.0.9+10) (build 21.0.9+10-LTS)
# Java VM: OpenJDK 64-Bit Server VM Temurin-21.0.9+10 (21.0.9+10-LTS, mixed mode, sharing, tiered, compressed oops, compressed class ptrs, parallel gc, windows-amd64)
GC Precious Log:
 CardTable entry size: 512
 CPUs: 12 total, 12 available
 Memory: 16068M
 Large Page Support: Disabled
 NUMA Support: Disabled
 Compressed Oops: Enabled (32-bit)
 Alignments: Space 512K, Generation 512K, Heap 2M
 Heap Min Capacity: 100M
 Heap Initial Capacity: 100M
 Heap Max Capacity: 2G
 Pre-touch: Disabled
 Parallel Workers: 10
Heap:
 PSYoungGen      total 22528K, used 18903K [0x00000000d5580000, 0x00000000d6f80000, 0x0000000100000000)
  eden space 21504K, 83% used [0x00000000d5580000,0x00000000d66fd838,0x00000000d6a80000)
  from space 1024K, 97% used [0x00000000d6d00000,0x00000000d6df8778,0x00000000d6e00000)
  to   space 2560K, 0% used [0x00000000d6a80000,0x00000000d6a80000,0x00000000d6d00000)
 ParOldGen       total 68608K, used 28816K [0x0000000080000000, 0x0000000084300000, 0x00000000d5580000)
  object space 68608K, 42% used [0x0000000080000000,0x0000000081c24380,0x0000000084300000)
 Metaspace       used 38101K, committed 39104K, reserved 1114112K
  class space    used 3894K, committed 4352K, reserved 1048576K
GC Heap History (20 events):
Event: 6.472 GC heap before
{Heap before GC invocations=11 (full 1):
 PSYoungGen      total 27136K, used 27105K [0x00000000d5580000, 0x00000000d7580000, 0x0000000100000000)
  eden space 23552K, 100% used [0x00000000d5580000,0x00000000d6c80000,0x00000000d6c80000)
  from space 3584K, 99% used [0x00000000d6d00000,0x00000000d7078790,0x00000000d7080000)
  to   space 4608K, 0% used [0x00000000d7100000,0x00000000d7100000,0x00000000d7580000)
 ParOldGen       total 68608K, used 11032K [0x0000000080000000, 0x0000000084300000, 0x00000000d5580000)
  object space 68608K, 16% used [0x0000000080000000,0x0000000080ac62b8,0x0000000084300000)
 Metaspace       used 31881K, committed 32896K, reserved 1114112K
  class space    used 3216K, committed 3648K, reserved 1048576K
}
Event: 6.475 GC heap after
{Heap after GC invocations=11 (full 1):
 PSYoungGen      total 26112K, used 2894K [0x00000000d5580000, 0x00000000d7400000, 0x0000000100000000)
  eden space 23040K, 0% used [0x00000000d5580000,0x00000000d5580000,0x00000000d6c00000)
  from space 3072K, 94% used [0x00000000d7100000,0x00000000d73d3ae0,0x00000000d7400000)
  to   space 3584K, 0% used [0x00000000d6d00000,0x00000000d6d00000,0x00000000d7080000)
 ParOldGen       total 68608K, used 13445K [0x0000000080000000, 0x0000000084300000, 0x00000000d5580000)
  object space 68608K, 19% used [0x0000000080000000,0x0000000080d214c8,0x0000000084300000)
 Metaspace       used 31881K, committed 32896K, reserved 1114112K
  class space    used 3216K, committed 3648K, reserved 1048576K
}
Event: 6.620 GC heap before
{Heap before GC invocations=12 (full 1):
 PSYoungGen      total 26112K, used 25934K [0x00000000d5580000, 0x00000000d7400000, 0x0000000100000000)
  eden space 23040K, 100% used [0x00000000d5580000,0x00000000d6c00000,0x00000000d6c00000)
  from space 3072K, 94% used [0x00000000d7100000,0x00000000d73d3ae0,0x00000000d7400000)
  to   space 3584K, 0% used [0x00000000d6d00000,0x00000000d6d00000,0x00000000d7080000)
 ParOldGen       total 68608K, used 13445K [0x0000000080000000, 0x0000000084300000, 0x00000000d5580000)
  object space 68608K, 19% used [0x0000000080000000,0x0000000080d214c8,0x0000000084300000)
 Metaspace       used 32282K, committed 33216K, reserved 1114112K
  class space    used 3285K, committed 3712K, reserved 1048576K
}
Event: 6.624 GC heap after
{Heap after GC invocations=12 (full 1):
 PSYoungGen      total 25600K, used 2865K [0x00000000d5580000, 0x00000000d7180000, 0x0000000100000000)
  eden space 22528K, 0% used [0x00000000d5580000,0x00000000d5580000,0x00000000d6b80000)
  from space 3072K, 93% used [0x00000000d6d00000,0x00000000d6fcc460,0x00000000d7000000)
  to   space 1536K, 0% used [0x00000000d7000000,0x00000000d7000000,0x00000000d7180000)
 ParOldGen       total 68608K, used 16188K [0x0000000080000000, 0x0000000084300000, 0x00000000d5580000)
  object space 68608K, 23% used [0x0000000080000000,0x0000000080fcf0f0,0x0000000084300000)
 Metaspace       used 32282K, committed 33216K, reserved 1114112K
  class space    used 3285K, committed 3712K, reserved 1048576K
}
Event: 6.776 GC heap before
{Heap before GC invocations=13 (full 1):
 PSYoungGen      total 25600K, used 25393K [0x00000000d5580000, 0x00000000d7180000, 0x0000000100000000)
  eden space 22528K, 100% used [0x00000000d5580000,0x00000000d6b80000,0x00000000d6b80000)
  from space 3072K, 93% used [0x00000000d6d00000,0x00000000d6fcc460,0x00000000d7000000)
  to   space 1536K, 0% used [0x00000000d7000000,0x00000000d7000000,0x00000000d7180000)
 ParOldGen       total 68608K, used 16188K [0x0000000080000000, 0x0000000084300000, 0x00000000d5580000)
  object space 68608K, 23% used [0x0000000080000000,0x0000000080fcf0f0,0x0000000084300000)
 Metaspace       used 32312K, committed 33280K, reserved 1114112K
  class space    used 3285K, committed 3712K, reserved 1048576K
}
Event: 6.780 GC heap after
{Heap after GC invocations=13 (full 1):
 PSYoungGen      total 23040K, used 1506K [0x00000000d5580000, 0x00000000d7600000, 0x0000000100000000)
  eden space 21504K, 0% used [0x00000000d5580000,0x00000000d5580000,0x00000000d6a80000)
  from space 1536K, 98% used [0x00000000d7000000,0x00000000d7178810,0x00000000d7180000)
  to   space 5632K, 0% used [0x00000000d6a80000,0x00000000d6a80000,0x00000000d7000000)
 ParOldGen       total 68608K, used 19904K [0x0000000080000000, 0x0000000084300000, 0x00000000d5580000)
  object space 68608K, 29% used [0x0000000080000000,0x00000000813703d8,0x0000000084300000)
 Metaspace       used 32312K, committed 33280K, reserved 1114112K
  class space    used 3285K, committed 3712K, reserved 1048576K
}
Event: 6.885 GC heap before
{Heap before GC invocations=14 (full 1):
 PSYoungGen      total 23040K, used 23010K [0x00000000d5580000, 0x00000000d7600000, 0x0000000100000000)
  eden space 21504K, 100% used [0x00000000d5580000,0x00000000d6a80000,0x00000000d6a80000)
  from space 1536K, 98% used [0x00000000d7000000,0x00000000d7178810,0x00000000d7180000)
  to   space 5632K, 0% used [0x00000000d6a80000,0x00000000d6a80000,0x00000000d7000000)
 ParOldGen       total 68608K, used 19904K [0x0000000080000000, 0x0000000084300000, 0x00000000d5580000)
  object space 68608K, 29% used [0x0000000080000000,0x00000000813703d8,0x0000000084300000)
 Metaspace       used 32344K, committed 33344K, reserved 1114112K
  class space    used 3286K, committed 3712K, reserved 1048576K
}
Event: 6.889 GC heap after
{Heap after GC invocations=14 (full 1):
 PSYoungGen      total 24064K, used 2340K [0x00000000d5580000, 0x00000000d7180000, 0x0000000100000000)
  eden space 21504K, 0% used [0x00000000d5580000,0x00000000d5580000,0x00000000d6a80000)
  from space 2560K, 91% used [0x00000000d6a80000,0x00000000d6cc9000,0x00000000d6d00000)
  to   space 3584K, 0% used [0x00000000d6e00000,0x00000000d6e00000,0x00000000d7180000)
 ParOldGen       total 68608K, used 21352K [0x0000000080000000, 0x0000000084300000, 0x00000000d5580000)
  object space 68608K, 31% used [0x0000000080000000,0x00000000814da3e8,0x0000000084300000)
 Metaspace       used 32344K, committed 33344K, reserved 1114112K
  class space    used 3286K, committed 3712K, reserved 1048576K
}
Event: 6.995 GC heap before
{Heap before GC invocations=15 (full 1):
 PSYoungGen      total 24064K, used 23844K [0x00000000d5580000, 0x00000000d7180000, 0x0000000100000000)
  eden space 21504K, 100% used [0x00000000d5580000,0x00000000d6a80000,0x00000000d6a80000)
  from space 2560K, 91% used [0x00000000d6a80000,0x00000000d6cc9000,0x00000000d6d00000)
  to   space 3584K, 0% used [0x00000000d6e00000,0x00000000d6e00000,0x00000000d7180000)
 ParOldGen       total 68608K, used 21352K [0x0000000080000000, 0x0000000084300000, 0x00000000d5580000)
  object space 68608K, 31% used [0x0000000080000000,0x00000000814da3e8,0x0000000084300000)
 Metaspace       used 32396K, committed 33408K, reserved 1114112K
  class space    used 3287K, committed 3712K, reserved 1048576K
}
Event: 6.999 GC heap after
{Heap after GC invocations=15 (full 1):
 PSYoungGen      total 24576K, used 2560K [0x00000000d5580000, 0x00000000d7100000, 0x0000000100000000)
  eden space 21504K, 0% used [0x00000000d5580000,0x00000000d5580000,0x00000000d6a80000)
  from space 3072K, 83% used [0x00000000d6e00000,0x00000000d7080010,0x00000000d7100000)
  to   space 3072K, 0% used [0x00000000d6b00000,0x00000000d6b00000,0x00000000d6e00000)
 ParOldGen       total 68608K, used 23571K [0x0000000080000000, 0x0000000084300000, 0x00000000d5580000)
  object space 68608K, 34% used [0x0000000080000000,0x0000000081704f38,0x0000000084300000)
 Metaspace       used 32396K, committed 33408K, reserved 1114112K
  class space    used 3287K, committed 3712K, reserved 1048576K
}
Event: 7.097 GC heap before
{Heap before GC invocations=16 (full 1):
 PSYoungGen      total 24576K, used 24064K [0x00000000d5580000, 0x00000000d7100000, 0x0000000100000000)
  eden space 21504K, 100% used [0x00000000d5580000,0x00000000d6a80000,0x00000000d6a80000)
  from space 3072K, 83% used [0x00000000d6e00000,0x00000000d7080010,0x00000000d7100000)
  to   space 3072K, 0% used [0x00000000d6b00000,0x00000000d6b00000,0x00000000d6e00000)
 ParOldGen       total 68608K, used 23571K [0x0000000080000000, 0x0000000084300000, 0x00000000d5580000)
  object space 68608K, 34% used [0x0000000080000000,0x0000000081704f38,0x0000000084300000)
 Metaspace       used 32493K, committed 33472K, reserved 1114112K
  class space    used 3287K, committed 3712K, reserved 1048576K
}
Event: 7.102 GC heap after
{Heap after GC invocations=16 (full 1):
 PSYoungGen      total 24064K, used 2296K [0x00000000d5580000, 0x00000000d6f80000, 0x0000000100000000)
  eden space 21504K, 0% used [0x00000000d5580000,0x00000000d5580000,0x00000000d6a80000)
  from space 2560K, 89% used [0x00000000d6b00000,0x00000000d6d3e200,0x00000000d6d80000)
  to   space 2048K, 0% used [0x00000000d6d80000,0x00000000d6d80000,0x00000000d6f80000)
 ParOldGen       total 68608K, used 26011K [0x0000000080000000, 0x0000000084300000, 0x00000000d5580000)
  object space 68608K, 37% used [0x0000000080000000,0x0000000081966f48,0x0000000084300000)
 Metaspace       used 32493K, committed 33472K, reserved 1114112K
  class space    used 3287K, committed 3712K, reserved 1048576K
}
Event: 8.594 GC heap before
{Heap before GC invocations=17 (full 1):
 PSYoungGen      total 24064K, used 22716K [0x00000000d5580000, 0x00000000d6f80000, 0x0000000100000000)
  eden space 21504K, 94% used [0x00000000d5580000,0x00000000d6970f30,0x00000000d6a80000)
  from space 2560K, 89% used [0x00000000d6b00000,0x00000000d6d3e200,0x00000000d6d80000)
  to   space 2048K, 0% used [0x00000000d6d80000,0x00000000d6d80000,0x00000000d6f80000)
 ParOldGen       total 68608K, used 26011K [0x0000000080000000, 0x0000000084300000, 0x00000000d5580000)
  object space 68608K, 37% used [0x0000000080000000,0x0000000081966f48,0x0000000084300000)
 Metaspace       used 34913K, committed 35840K, reserved 1114112K
  class space    used 3545K, committed 3968K, reserved 1048576K
}
Event: 8.598 GC heap after
{Heap after GC invocations=17 (full 1):
 PSYoungGen      total 23040K, used 1467K [0x00000000d5580000, 0x00000000d6f00000, 0x0000000100000000)
  eden space 21504K, 0% used [0x00000000d5580000,0x00000000d5580000,0x00000000d6a80000)
  from space 1536K, 95% used [0x00000000d6d80000,0x00000000d6eeec30,0x00000000d6f00000)
  to   space 2048K, 0% used [0x00000000d6b00000,0x00000000d6b00000,0x00000000d6d00000)
 ParOldGen       total 68608K, used 28156K [0x0000000080000000, 0x0000000084300000, 0x00000000d5580000)
  object space 68608K, 41% used [0x0000000080000000,0x0000000081b7f148,0x0000000084300000)
 Metaspace       used 34913K, committed 35840K, reserved 1114112K
  class space    used 3545K, committed 3968K, reserved 1048576K
}
Event: 8.598 GC heap before
{Heap before GC invocations=18 (full 2):
 PSYoungGen      total 23040K, used 1467K [0x00000000d5580000, 0x00000000d6f00000, 0x0000000100000000)
  eden space 21504K, 0% used [0x00000000d5580000,0x00000000d5580000,0x00000000d6a80000)
  from space 1536K, 95% used [0x00000000d6d80000,0x00000000d6eeec30,0x00000000d6f00000)
  to   space 2048K, 0% used [0x00000000d6b00000,0x00000000d6b00000,0x00000000d6d00000)
 ParOldGen       total 68608K, used 28156K [0x0000000080000000, 0x0000000084300000, 0x00000000d5580000)
  object space 68608K, 41% used [0x0000000080000000,0x0000000081b7f148,0x0000000084300000)
 Metaspace       used 34913K, committed 35840K, reserved 1114112K
  class space    used 3545K, committed 3968K, reserved 1048576K
}
Event: 8.659 GC heap after
{Heap after GC invocations=18 (full 2):
 PSYoungGen      total 23040K, used 0K [0x00000000d5580000, 0x00000000d6f00000, 0x0000000100000000)
  eden space 21504K, 0% used [0x00000000d5580000,0x00000000d5580000,0x00000000d6a80000)
  from space 1536K, 0% used [0x00000000d6d80000,0x00000000d6d80000,0x00000000d6f00000)
  to   space 2048K, 0% used [0x00000000d6b00000,0x00000000d6b00000,0x00000000d6d00000)
 ParOldGen       total 68608K, used 27930K [0x0000000080000000, 0x0000000084300000, 0x00000000d5580000)
  object space 68608K, 40% used [0x0000000080000000,0x0000000081b46b60,0x0000000084300000)
 Metaspace       used 34846K, committed 35840K, reserved 1114112K
  class space    used 3526K, committed 3968K, reserved 1048576K
}
Event: 9.749 GC heap before
{Heap before GC invocations=19 (full 2):
 PSYoungGen      total 23040K, used 21475K [0x00000000d5580000, 0x00000000d6f00000, 0x0000000100000000)
  eden space 21504K, 99% used [0x00000000d5580000,0x00000000d6a78d20,0x00000000d6a80000)
  from space 1536K, 0% used [0x00000000d6d80000,0x00000000d6d80000,0x00000000d6f00000)
  to   space 2048K, 0% used [0x00000000d6b00000,0x00000000d6b00000,0x00000000d6d00000)
 ParOldGen       total 68608K, used 27930K [0x0000000080000000, 0x0000000084300000, 0x00000000d5580000)
  object space 68608K, 40% used [0x0000000080000000,0x0000000081b46b60,0x0000000084300000)
 Metaspace       used 35884K, committed 36864K, reserved 1114112K
  class space    used 3669K, committed 4096K, reserved 1048576K
}
Event: 9.750 GC heap after
{Heap after GC invocations=19 (full 2):
 PSYoungGen      total 23552K, used 544K [0x00000000d5580000, 0x00000000d6e00000, 0x0000000100000000)
  eden space 21504K, 0% used [0x00000000d5580000,0x00000000d5580000,0x00000000d6a80000)
  from space 2048K, 26% used [0x00000000d6b00000,0x00000000d6b88000,0x00000000d6d00000)
  to   space 1024K, 0% used [0x00000000d6d00000,0x00000000d6d00000,0x00000000d6e00000)
 ParOldGen       total 68608K, used 27938K [0x0000000080000000, 0x0000000084300000, 0x00000000d5580000)
  object space 68608K, 40% used [0x0000000080000000,0x0000000081b48b60,0x0000000084300000)
 Metaspace       used 35884K, committed 36864K, reserved 1114112K
  class space    used 3669K, committed 4096K, reserved 1048576K
}
Event: 10.594 GC heap before
{Heap before GC invocations=20 (full 2):
 PSYoungGen      total 23552K, used 22048K [0x00000000d5580000, 0x00000000d6e00000, 0x0000000100000000)
  eden space 21504K, 100% used [0x00000000d5580000,0x00000000d6a80000,0x00000000d6a80000)
  from space 2048K, 26% used [0x00000000d6b00000,0x00000000d6b88000,0x00000000d6d00000)
  to   space 1024K, 0% used [0x00000000d6d00000,0x00000000d6d00000,0x00000000d6e00000)
 ParOldGen       total 68608K, used 27938K [0x0000000080000000, 0x0000000084300000, 0x00000000d5580000)
  object space 68608K, 40% used [0x0000000080000000,0x0000000081b48b60,0x0000000084300000)
 Metaspace       used 37901K, committed 38976K, reserved 1114112K
  class space    used 3874K, committed 4352K, reserved 1048576K
}
Event: 10.596 GC heap after
{Heap after GC invocations=20 (full 2):
 PSYoungGen      total 22528K, used 993K [0x00000000d5580000, 0x00000000d6f80000, 0x0000000100000000)
  eden space 21504K, 0% used [0x00000000d5580000,0x00000000d5580000,0x00000000d6a80000)
  from space 1024K, 97% used [0x00000000d6d00000,0x00000000d6df8778,0x00000000d6e00000)
  to   space 2560K, 0% used [0x00000000d6a80000,0x00000000d6a80000,0x00000000d6d00000)
 ParOldGen       total 68608K, used 28816K [0x0000000080000000, 0x0000000084300000, 0x00000000d5580000)
  object space 68608K, 42% used [0x0000000080000000,0x0000000081c24380,0x0000000084300000)
 Metaspace       used 37901K, committed 38976K, reserved 1114112K
  class space    used 3874K, committed 4352K, reserved 1048576K
}

