# JRE version: OpenJDK Runtime Environment Temurin-21.0.9+10 (21.0.9+10) (build 21.0.9+10-LTS)
# Java VM: OpenJDK 64-Bit Server VM Temurin-21.0.9+10 (21.0.9+10-LTS, mixed mode, sharing, tiered, compressed oops, compressed class ptrs, parallel gc, windows-amd64)
GC Precious Log:
 CardTable entry size: 512
 CPUs: 12 total, 12 available
 Memory: 16068M
 Large Page Support: Disabled
 NUMA Support: Disabled
 Compressed Oops: Enabled (32-bit)
 Alignments: Space 512K, Generation 512K, Heap 2M
 Heap Min Capacity: 100M
 Heap Initial Capacity: 100M
 Heap Max Capacity: 2G
 Pre-touch: Disabled
 Parallel Workers: 10
Heap:
 PSYoungGen      total 22528K, used 3704K [0x00000000d5580000, 0x00000000d7000000, 0x0000000100000000)
  eden space 22016K, 16% used [0x00000000d5580000,0x00000000d591e228,0x00000000d6b00000)
  from space 512K, 0% used [0x00000000d6f80000,0x00000000d6f80000,0x00000000d7000000)
  to   space 1024K, 0% used [0x00000000d6e00000,0x00000000d6e00000,0x00000000d6f00000)
 ParOldGen       total 68608K, used 18450K [0x0000000080000000, 0x0000000084300000, 0x00000000d5580000)
  object space 68608K, 26% used [0x0000000080000000,0x0000000081204880,0x0000000084300000)
 Metaspace       used 35401K, committed 36544K, reserved 1114112K
  class space    used 3723K, committed 4224K, reserved 1048576K
GC Heap History (20 events):
Event: 8.078 GC heap before
{Heap before GC invocations=7 (full 0):
 PSYoungGen      total 29184K, used 22444K [0x00000000d5580000, 0x00000000d7880000, 0x0000000100000000)
  eden space 24576K, 72% used [0x00000000d5580000,0x00000000d66ecd68,0x00000000d6d80000)
  from space 4608K, 99% used [0x00000000d7400000,0x00000000d787e300,0x00000000d7880000)
  to   space 5120K, 0% used [0x00000000d6e80000,0x00000000d6e80000,0x00000000d7380000)
 ParOldGen       total 68608K, used 8112K [0x0000000080000000, 0x0000000084300000, 0x00000000d5580000)
  object space 68608K, 11% used [0x0000000080000000,0x00000000807ec200,0x0000000084300000)
 Metaspace       used 20621K, committed 21504K, reserved 1114112K
  class space    used 2224K, committed 2624K, reserved 1048576K
}
Event: 8.082 GC heap after
{Heap after GC invocations=7 (full 0):
 PSYoungGen      total 29184K, used 4351K [0x00000000d5580000, 0x00000000d7680000, 0x0000000100000000)
  eden space 24576K, 0% used [0x00000000d5580000,0x00000000d5580000,0x00000000d6d80000)
  from space 4608K, 94% used [0x00000000d6e80000,0x00000000d72bffb0,0x00000000d7300000)
  to   space 3584K, 0% used [0x00000000d7300000,0x00000000d7300000,0x00000000d7680000)
 ParOldGen       total 68608K, used 9502K [0x0000000080000000, 0x0000000084300000, 0x00000000d5580000)
  object space 68608K, 13% used [0x0000000080000000,0x00000000809478c0,0x0000000084300000)
 Metaspace       used 20621K, committed 21504K, reserved 1114112K
  class space    used 2224K, committed 2624K, reserved 1048576K
}
Event: 8.082 GC heap before
{Heap before GC invocations=8 (full 1):
 PSYoungGen      total 29184K, used 4351K [0x00000000d5580000, 0x00000000d7680000, 0x0000000100000000)
  eden space 24576K, 0% used [0x00000000d5580000,0x00000000d5580000,0x00000000d6d80000)
  from space 4608K, 94% used [0x00000000d6e80000,0x00000000d72bffb0,0x00000000d7300000)
  to   space 3584K, 0% used [0x00000000d7300000,0x00000000d7300000,0x00000000d7680000)
 ParOldGen       total 68608K, used 9502K [0x0000000080000000, 0x0000000084300000, 0x00000000d5580000)
  object space 68608K, 13% used [0x0000000080000000,0x00000000809478c0,0x0000000084300000)
 Metaspace       used 20621K, committed 21504K, reserved 1114112K
  class space    used 2224K, committed 2624K, reserved 1048576K
}
Event: 8.106 GC heap after
{Heap after GC invocations=8 (full 1):
 PSYoungGen      total 29184K, used 0K [0x00000000d5580000, 0x00000000d7680000, 0x0000000100000000)
  eden space 24576K, 0% used [0x00000000d5580000,0x00000000d5580000,0x00000000d6d80000)
  from space 4608K, 0% used [0x00000000d6e80000,0x00000000d6e80000,0x00000000d7300000)
  to   space 3584K, 0% used [0x00000000d7300000,0x00000000d7300000,0x00000000d7680000)
 ParOldGen       total 68608K, used 13007K [0x0000000080000000, 0x0000000084300000, 0x00000000d5580000)
  object space 68608K, 18% used [0x0000000080000000,0x0000000080cb3cd8,0x0000000084300000)
 Metaspace       used 20608K, committed 21504K, reserved 1114112K
  class space    used 2221K, committed 2624K, reserved 1048576K
}
Event: 8.303 GC heap before
{Heap before GC invocations=9 (full 1):
 PSYoungGen      total 29184K, used 24576K [0x00000000d5580000, 0x00000000d7680000, 0x0000000100000000)
  eden space 24576K, 100% used [0x00000000d5580000,0x00000000d6d80000,0x00000000d6d80000)
  from space 4608K, 0% used [0x00000000d6e80000,0x00000000d6e80000,0x00000000d7300000)
  to   space 3584K, 0% used [0x00000000d7300000,0x00000000d7300000,0x00000000d7680000)
 ParOldGen       total 68608K, used 13007K [0x0000000080000000, 0x0000000084300000, 0x00000000d5580000)
  object space 68608K, 18% used [0x0000000080000000,0x0000000080cb3cd8,0x0000000084300000)
 Metaspace       used 22713K, committed 23680K, reserved 1114112K
  class space    used 2391K, committed 2816K, reserved 1048576K
}
Event: 8.305 GC heap after
{Heap after GC invocations=9 (full 1):
 PSYoungGen      total 26112K, used 1831K [0x00000000d5580000, 0x00000000d7500000, 0x0000000100000000)
  eden space 24064K, 0% used [0x00000000d5580000,0x00000000d5580000,0x00000000d6d00000)
  from space 2048K, 89% used [0x00000000d7300000,0x00000000d74c9c50,0x00000000d7500000)
  to   space 3072K, 0% used [0x00000000d6f00000,0x00000000d6f00000,0x00000000d7200000)
 ParOldGen       total 68608K, used 13015K [0x0000000080000000, 0x0000000084300000, 0x00000000d5580000)
  object space 68608K, 18% used [0x0000000080000000,0x0000000080cb5cd8,0x0000000084300000)
 Metaspace       used 22713K, committed 23680K, reserved 1114112K
  class space    used 2391K, committed 2816K, reserved 1048576K
}
Event: 9.480 GC heap before
{Heap before GC invocations=10 (full 1):
 PSYoungGen      total 26112K, used 25890K [0x00000000d5580000, 0x00000000d7500000, 0x0000000100000000)
  eden space 24064K, 99% used [0x00000000d5580000,0x00000000d6cfeed0,0x00000000d6d00000)
  from space 2048K, 89% used [0x00000000d7300000,0x00000000d74c9c50,0x00000000d7500000)
  to   space 3072K, 0% used [0x00000000d6f00000,0x00000000d6f00000,0x00000000d7200000)
 ParOldGen       total 68608K, used 13015K [0x0000000080000000, 0x0000000084300000, 0x00000000d5580000)
  object space 68608K, 18% used [0x0000000080000000,0x0000000080cb5cd8,0x0000000084300000)
 Metaspace       used 26340K, committed 27264K, reserved 1114112K
  class space    used 2676K, committed 3072K, reserved 1048576K
}
Event: 9.482 GC heap after
{Heap after GC invocations=10 (full 1):
 PSYoungGen      total 25088K, used 1223K [0x00000000d5580000, 0x00000000d7380000, 0x0000000100000000)
  eden space 23552K, 0% used [0x00000000d5580000,0x00000000d5580000,0x00000000d6c80000)
  from space 1536K, 79% used [0x00000000d6f00000,0x00000000d7031e00,0x00000000d7080000)
  to   space 2048K, 0% used [0x00000000d7180000,0x00000000d7180000,0x00000000d7380000)
 ParOldGen       total 68608K, used 13023K [0x0000000080000000, 0x0000000084300000, 0x00000000d5580000)
  object space 68608K, 18% used [0x0000000080000000,0x0000000080cb7cd8,0x0000000084300000)
 Metaspace       used 26340K, committed 27264K, reserved 1114112K
  class space    used 2676K, committed 3072K, reserved 1048576K
}
Event: 11.577 GC heap before
{Heap before GC invocations=11 (full 1):
 PSYoungGen      total 25088K, used 24775K [0x00000000d5580000, 0x00000000d7380000, 0x0000000100000000)
  eden space 23552K, 100% used [0x00000000d5580000,0x00000000d6c80000,0x00000000d6c80000)
  from space 1536K, 79% used [0x00000000d6f00000,0x00000000d7031e00,0x00000000d7080000)
  to   space 2048K, 0% used [0x00000000d7180000,0x00000000d7180000,0x00000000d7380000)
 ParOldGen       total 68608K, used 13023K [0x0000000080000000, 0x0000000084300000, 0x00000000d5580000)
  object space 68608K, 18% used [0x0000000080000000,0x0000000080cb7cd8,0x0000000084300000)
 Metaspace       used 28210K, committed 29120K, reserved 1114112K
  class space    used 2853K, committed 3264K, reserved 1048576K
}
Event: 11.580 GC heap after
{Heap after GC invocations=11 (full 1):
 PSYoungGen      total 25088K, used 1668K [0x00000000d5580000, 0x00000000d7380000, 0x0000000100000000)
  eden space 23040K, 0% used [0x00000000d5580000,0x00000000d5580000,0x00000000d6c00000)
  from space 2048K, 81% used [0x00000000d7180000,0x00000000d7321050,0x00000000d7380000)
  to   space 2048K, 0% used [0x00000000d6f80000,0x00000000d6f80000,0x00000000d7180000)
 ParOldGen       total 68608K, used 14541K [0x0000000080000000, 0x0000000084300000, 0x00000000d5580000)
  object space 68608K, 21% used [0x0000000080000000,0x0000000080e33498,0x0000000084300000)
 Metaspace       used 28210K, committed 29120K, reserved 1114112K
  class space    used 2853K, committed 3264K, reserved 1048576K
}
Event: 11.864 GC heap before
{Heap before GC invocations=12 (full 1):
 PSYoungGen      total 25088K, used 24708K [0x00000000d5580000, 0x00000000d7380000, 0x0000000100000000)
  eden space 23040K, 100% used [0x00000000d5580000,0x00000000d6c00000,0x00000000d6c00000)
  from space 2048K, 81% used [0x00000000d7180000,0x00000000d7321050,0x00000000d7380000)
  to   space 2048K, 0% used [0x00000000d6f80000,0x00000000d6f80000,0x00000000d7180000)
 ParOldGen       total 68608K, used 14541K [0x0000000080000000, 0x0000000084300000, 0x00000000d5580000)
  object space 68608K, 21% used [0x0000000080000000,0x0000000080e33498,0x0000000084300000)
 Metaspace       used 31106K, committed 32192K, reserved 1114112K
  class space    used 3196K, committed 3648K, reserved 1048576K
}
Event: 11.866 GC heap after
{Heap after GC invocations=12 (full 1):
 PSYoungGen      total 24064K, used 1416K [0x00000000d5580000, 0x00000000d7200000, 0x0000000100000000)
  eden space 22528K, 0% used [0x00000000d5580000,0x00000000d5580000,0x00000000d6b80000)
  from space 1536K, 92% used [0x00000000d6f80000,0x00000000d70e21d8,0x00000000d7100000)
  to   space 1024K, 0% used [0x00000000d7100000,0x00000000d7100000,0x00000000d7200000)
 ParOldGen       total 68608K, used 15950K [0x0000000080000000, 0x0000000084300000, 0x00000000d5580000)
  object space 68608K, 23% used [0x0000000080000000,0x0000000080f93b78,0x0000000084300000)
 Metaspace       used 31106K, committed 32192K, reserved 1114112K
  class space    used 3196K, committed 3648K, reserved 1048576K
}
Event: 12.155 GC heap before
{Heap before GC invocations=13 (full 1):
 PSYoungGen      total 24064K, used 23944K [0x00000000d5580000, 0x00000000d7200000, 0x0000000100000000)
  eden space 22528K, 100% used [0x00000000d5580000,0x00000000d6b80000,0x00000000d6b80000)
  from space 1536K, 92% used [0x00000000d6f80000,0x00000000d70e21d8,0x00000000d7100000)
  to   space 1024K, 0% used [0x00000000d7100000,0x00000000d7100000,0x00000000d7200000)
 ParOldGen       total 68608K, used 15950K [0x0000000080000000, 0x0000000084300000, 0x00000000d5580000)
  object space 68608K, 23% used [0x0000000080000000,0x0000000080f93b78,0x0000000084300000)
 Metaspace       used 33087K, committed 34176K, reserved 1114112K
  class space    used 3447K, committed 3904K, reserved 1048576K
}
Event: 12.157 GC heap after
{Heap after GC invocations=13 (full 1):
 PSYoungGen      total 23040K, used 1021K [0x00000000d5580000, 0x00000000d7200000, 0x0000000100000000)
  eden space 22016K, 0% used [0x00000000d5580000,0x00000000d5580000,0x00000000d6b00000)
  from space 1024K, 99% used [0x00000000d7100000,0x00000000d71ff510,0x00000000d7200000)
  to   space 2560K, 0% used [0x00000000d6d00000,0x00000000d6d00000,0x00000000d6f80000)
 ParOldGen       total 68608K, used 17225K [0x0000000080000000, 0x0000000084300000, 0x00000000d5580000)
  object space 68608K, 25% used [0x0000000080000000,0x00000000810d2518,0x0000000084300000)
 Metaspace       used 33087K, committed 34176K, reserved 1114112K
  class space    used 3447K, committed 3904K, reserved 1048576K
}
Event: 12.266 GC heap before
{Heap before GC invocations=14 (full 1):
 PSYoungGen      total 23040K, used 16711K [0x00000000d5580000, 0x00000000d7200000, 0x0000000100000000)
  eden space 22016K, 71% used [0x00000000d5580000,0x00000000d64d2998,0x00000000d6b00000)
  from space 1024K, 99% used [0x00000000d7100000,0x00000000d71ff510,0x00000000d7200000)
  to   space 2560K, 0% used [0x00000000d6d00000,0x00000000d6d00000,0x00000000d6f80000)
 ParOldGen       total 68608K, used 17225K [0x0000000080000000, 0x0000000084300000, 0x00000000d5580000)
  object space 68608K, 25% used [0x0000000080000000,0x00000000810d2518,0x0000000084300000)
 Metaspace       used 34746K, committed 35904K, reserved 1114112K
  class space    used 3645K, committed 4160K, reserved 1048576K
}
Event: 12.267 GC heap after
{Heap after GC invocations=14 (full 1):
 PSYoungGen      total 24576K, used 1475K [0x00000000d5580000, 0x00000000d7180000, 0x0000000100000000)
  eden space 22016K, 0% used [0x00000000d5580000,0x00000000d5580000,0x00000000d6b00000)
  from space 2560K, 57% used [0x00000000d6d00000,0x00000000d6e70cf8,0x00000000d6f80000)
  to   space 2048K, 0% used [0x00000000d6f80000,0x00000000d6f80000,0x00000000d7180000)
 ParOldGen       total 68608K, used 18039K [0x0000000080000000, 0x0000000084300000, 0x00000000d5580000)
  object space 68608K, 26% used [0x0000000080000000,0x000000008119dcd0,0x0000000084300000)
 Metaspace       used 34746K, committed 35904K, reserved 1114112K
  class space    used 3645K, committed 4160K, reserved 1048576K
}
Event: 12.294 GC heap before
{Heap before GC invocations=15 (full 1):
 PSYoungGen      total 24576K, used 4083K [0x00000000d5580000, 0x00000000d7180000, 0x0000000100000000)
  eden space 22016K, 11% used [0x00000000d5580000,0x00000000d580c2b8,0x00000000d6b00000)
  from space 2560K, 57% used [0x00000000d6d00000,0x00000000d6e70cf8,0x00000000d6f80000)
  to   space 2048K, 0% used [0x00000000d6f80000,0x00000000d6f80000,0x00000000d7180000)
 ParOldGen       total 68608K, used 18039K [0x0000000080000000, 0x0000000084300000, 0x00000000d5580000)
  object space 68608K, 26% used [0x0000000080000000,0x000000008119dcd0,0x0000000084300000)
 Metaspace       used 35060K, committed 36160K, reserved 1114112K
  class space    used 3678K, committed 4160K, reserved 1048576K
}
Event: 12.296 GC heap after
{Heap after GC invocations=15 (full 1):
 PSYoungGen      total 22528K, used 450K [0x00000000d5580000, 0x00000000d7000000, 0x0000000100000000)
  eden space 22016K, 0% used [0x00000000d5580000,0x00000000d5580000,0x00000000d6b00000)
  from space 512K, 87% used [0x00000000d6f80000,0x00000000d6ff0a08,0x00000000d7000000)
  to   space 1024K, 0% used [0x00000000d6e00000,0x00000000d6e00000,0x00000000d6f00000)
 ParOldGen       total 68608K, used 19106K [0x0000000080000000, 0x0000000084300000, 0x00000000d5580000)
  object space 68608K, 27% used [0x0000000080000000,0x00000000812a8be0,0x0000000084300000)
 Metaspace       used 35060K, committed 36160K, reserved 1114112K
  class space    used 3678K, committed 4160K, reserved 1048576K
}
Event: 12.296 GC heap before
{Heap before GC invocations=16 (full 2):
 PSYoungGen      total 22528K, used 450K [0x00000000d5580000, 0x00000000d7000000, 0x0000000100000000)
  eden space 22016K, 0% used [0x00000000d5580000,0x00000000d5580000,0x00000000d6b00000)
  from space 512K, 87% used [0x00000000d6f80000,0x00000000d6ff0a08,0x00000000d7000000)
  to   space 1024K, 0% used [0x00000000d6e00000,0x00000000d6e00000,0x00000000d6f00000)
 ParOldGen       total 68608K, used 19106K [0x0000000080000000, 0x0000000084300000, 0x00000000d5580000)
  object space 68608K, 27% used [0x0000000080000000,0x00000000812a8be0,0x0000000084300000)
 Metaspace       used 35060K, committed 36160K, reserved 1114112K
  class space    used 3678K, committed 4160K, reserved 1048576K
}
Event: 12.321 GC heap after
{Heap after GC invocations=16 (full 2):
 PSYoungGen      total 22528K, used 0K [0x00000000d5580000, 0x00000000d7000000, 0x0000000100000000)
  eden space 22016K, 0% used [0x00000000d5580000,0x00000000d5580000,0x00000000d6b00000)
  from space 512K, 0% used [0x00000000d6f80000,0x00000000d6f80000,0x00000000d7000000)
  to   space 1024K, 0% used [0x00000000d6e00000,0x00000000d6e00000,0x00000000d6f00000)
 ParOldGen       total 68608K, used 18450K [0x0000000080000000, 0x0000000084300000, 0x00000000d5580000)
  object space 68608K, 26% used [0x0000000080000000,0x0000000081204880,0x0000000084300000)
 Metaspace       used 35060K, committed 36160K, reserved 1114112K
  class space    used 3678K, committed 4160K, reserved 1048576K
}

