# JRE version: OpenJDK Runtime Environment Temurin-21.0.9+10 (21.0.9+10) (build 21.0.9+10-LTS)
# Java VM: OpenJDK 64-Bit Server VM Temurin-21.0.9+10 (21.0.9+10-LTS, mixed mode, sharing, tiered, compressed oops, compressed class ptrs, parallel gc, windows-amd64)
GC Precious Log:
 CardTable entry size: 512
 CPUs: 12 total, 12 available
 Memory: 16068M
 Large Page Support: Disabled
 NUMA Support: Disabled
 Compressed Oops: Enabled (32-bit)
 Alignments: Space 512K, Generation 512K, Heap 2M
 Heap Min Capacity: 100M
 Heap Initial Capacity: 100M
 Heap Max Capacity: 2G
 Pre-touch: Disabled
 Parallel Workers: 10
Heap:
 PSYoungGen      total 20992K, used 19474K [0x00000000d5580000, 0x00000000d7700000, 0x0000000100000000)
  eden space 18432K, 91% used [0x00000000d5580000,0x00000000d6607330,0x00000000d6780000)
  from space 2560K, 99% used [0x00000000d6d80000,0x00000000d6ffd5d8,0x00000000d7000000)
  to   space 6144K, 0% used [0x00000000d6780000,0x00000000d6780000,0x00000000d6d80000)
 ParOldGen       total 68608K, used 41126K [0x0000000080000000, 0x0000000084300000, 0x00000000d5580000)
  object space 68608K, 59% used [0x0000000080000000,0x0000000082829bc8,0x0000000084300000)
 Metaspace       used 56591K, committed 57984K, reserved 1114112K
  class space    used 6176K, committed 6784K, reserved 1048576K
GC Heap History (20 events):
Event: 5.510 GC heap before
{Heap before GC invocations=21 (full 2):
 PSYoungGen      total 23040K, used 22656K [0x00000000d5580000, 0x00000000d6e00000, 0x0000000100000000)
  eden space 22016K, 100% used [0x00000000d5580000,0x00000000d6b00000,0x00000000d6b00000)
  from space 1024K, 62% used [0x00000000d6d00000,0x00000000d6da0000,0x00000000d6e00000)
  to   space 1024K, 0% used [0x00000000d6c00000,0x00000000d6c00000,0x00000000d6d00000)
 ParOldGen       total 68608K, used 22312K [0x0000000080000000, 0x0000000084300000, 0x00000000d5580000)
  object space 68608K, 32% used [0x0000000080000000,0x00000000815ca210,0x0000000084300000)
 Metaspace       used 46268K, committed 47616K, reserved 1114112K
  class space    used 5004K, committed 5632K, reserved 1048576K
}
Event: 5.511 GC heap after
{Heap after GC invocations=21 (full 2):
 PSYoungGen      total 23040K, used 1024K [0x00000000d5580000, 0x00000000d6f00000, 0x0000000100000000)
  eden space 22016K, 0% used [0x00000000d5580000,0x00000000d5580000,0x00000000d6b00000)
  from space 1024K, 100% used [0x00000000d6c00000,0x00000000d6d00000,0x00000000d6d00000)
  to   space 2048K, 0% used [0x00000000d6d00000,0x00000000d6d00000,0x00000000d6f00000)
 ParOldGen       total 68608K, used 22792K [0x0000000080000000, 0x0000000084300000, 0x00000000d5580000)
  object space 68608K, 33% used [0x0000000080000000,0x0000000081642210,0x0000000084300000)
 Metaspace       used 46268K, committed 47616K, reserved 1114112K
  class space    used 5004K, committed 5632K, reserved 1048576K
}
Event: 6.066 GC heap before
{Heap before GC invocations=22 (full 2):
 PSYoungGen      total 23040K, used 23040K [0x00000000d5580000, 0x00000000d6f00000, 0x0000000100000000)
  eden space 22016K, 100% used [0x00000000d5580000,0x00000000d6b00000,0x00000000d6b00000)
  from space 1024K, 100% used [0x00000000d6c00000,0x00000000d6d00000,0x00000000d6d00000)
  to   space 2048K, 0% used [0x00000000d6d00000,0x00000000d6d00000,0x00000000d6f00000)
 ParOldGen       total 68608K, used 22792K [0x0000000080000000, 0x0000000084300000, 0x00000000d5580000)
  object space 68608K, 33% used [0x0000000080000000,0x0000000081642210,0x0000000084300000)
 Metaspace       used 48722K, committed 50112K, reserved 1114112K
  class space    used 5337K, committed 5952K, reserved 1048576K
}
Event: 6.069 GC heap after
{Heap after GC invocations=22 (full 2):
 PSYoungGen      total 23552K, used 1472K [0x00000000d5580000, 0x00000000d6e80000, 0x0000000100000000)
  eden space 22016K, 0% used [0x00000000d5580000,0x00000000d5580000,0x00000000d6b00000)
  from space 1536K, 95% used [0x00000000d6d00000,0x00000000d6e70000,0x00000000d6e80000)
  to   space 1536K, 0% used [0x00000000d6b80000,0x00000000d6b80000,0x00000000d6d00000)
 ParOldGen       total 68608K, used 23763K [0x0000000080000000, 0x0000000084300000, 0x00000000d5580000)
  object space 68608K, 34% used [0x0000000080000000,0x0000000081734f88,0x0000000084300000)
 Metaspace       used 48722K, committed 50112K, reserved 1114112K
  class space    used 5337K, committed 5952K, reserved 1048576K
}
Event: 6.436 GC heap before
{Heap before GC invocations=23 (full 2):
 PSYoungGen      total 23552K, used 23488K [0x00000000d5580000, 0x00000000d6e80000, 0x0000000100000000)
  eden space 22016K, 100% used [0x00000000d5580000,0x00000000d6b00000,0x00000000d6b00000)
  from space 1536K, 95% used [0x00000000d6d00000,0x00000000d6e70000,0x00000000d6e80000)
  to   space 1536K, 0% used [0x00000000d6b80000,0x00000000d6b80000,0x00000000d6d00000)
 ParOldGen       total 68608K, used 23763K [0x0000000080000000, 0x0000000084300000, 0x00000000d5580000)
  object space 68608K, 34% used [0x0000000080000000,0x0000000081734f88,0x0000000084300000)
 Metaspace       used 51591K, committed 52928K, reserved 1114112K
  class space    used 5657K, committed 6208K, reserved 1048576K
}
Event: 6.438 GC heap after
{Heap after GC invocations=23 (full 2):
 PSYoungGen      total 23552K, used 1522K [0x00000000d5580000, 0x00000000d7100000, 0x0000000100000000)
  eden space 22016K, 0% used [0x00000000d5580000,0x00000000d5580000,0x00000000d6b00000)
  from space 1536K, 99% used [0x00000000d6b80000,0x00000000d6cfc8b8,0x00000000d6d00000)
  to   space 3072K, 0% used [0x00000000d6e00000,0x00000000d6e00000,0x00000000d7100000)
 ParOldGen       total 68608K, used 25051K [0x0000000080000000, 0x0000000084300000, 0x00000000d5580000)
  object space 68608K, 36% used [0x0000000080000000,0x0000000081876c18,0x0000000084300000)
 Metaspace       used 51591K, committed 52928K, reserved 1114112K
  class space    used 5657K, committed 6208K, reserved 1048576K
}
Event: 6.558 GC heap before
{Heap before GC invocations=24 (full 2):
 PSYoungGen      total 23552K, used 23538K [0x00000000d5580000, 0x00000000d7100000, 0x0000000100000000)
  eden space 22016K, 100% used [0x00000000d5580000,0x00000000d6b00000,0x00000000d6b00000)
  from space 1536K, 99% used [0x00000000d6b80000,0x00000000d6cfc8b8,0x00000000d6d00000)
  to   space 3072K, 0% used [0x00000000d6e00000,0x00000000d6e00000,0x00000000d7100000)
 ParOldGen       total 68608K, used 25051K [0x0000000080000000, 0x0000000084300000, 0x00000000d5580000)
  object space 68608K, 36% used [0x0000000080000000,0x0000000081876c18,0x0000000084300000)
 Metaspace       used 51931K, committed 53376K, reserved 1114112K
  class space    used 5686K, committed 6336K, reserved 1048576K
}
Event: 6.561 GC heap after
{Heap after GC invocations=24 (full 2):
 PSYoungGen      total 25088K, used 2528K [0x00000000d5580000, 0x00000000d7100000, 0x0000000100000000)
  eden space 22016K, 0% used [0x00000000d5580000,0x00000000d5580000,0x00000000d6b00000)
  from space 3072K, 82% used [0x00000000d6e00000,0x00000000d7078010,0x00000000d7100000)
  to   space 3072K, 0% used [0x00000000d6b00000,0x00000000d6b00000,0x00000000d6e00000)
 ParOldGen       total 68608K, used 26532K [0x0000000080000000, 0x0000000084300000, 0x00000000d5580000)
  object space 68608K, 38% used [0x0000000080000000,0x00000000819e9010,0x0000000084300000)
 Metaspace       used 51931K, committed 53376K, reserved 1114112K
  class space    used 5686K, committed 6336K, reserved 1048576K
}
Event: 6.651 GC heap before
{Heap before GC invocations=25 (full 2):
 PSYoungGen      total 25088K, used 24544K [0x00000000d5580000, 0x00000000d7100000, 0x0000000100000000)
  eden space 22016K, 100% used [0x00000000d5580000,0x00000000d6b00000,0x00000000d6b00000)
  from space 3072K, 82% used [0x00000000d6e00000,0x00000000d7078010,0x00000000d7100000)
  to   space 3072K, 0% used [0x00000000d6b00000,0x00000000d6b00000,0x00000000d6e00000)
 ParOldGen       total 68608K, used 26532K [0x0000000080000000, 0x0000000084300000, 0x00000000d5580000)
  object space 68608K, 38% used [0x0000000080000000,0x00000000819e9010,0x0000000084300000)
 Metaspace       used 52268K, committed 53696K, reserved 1114112K
  class space    used 5742K, committed 6400K, reserved 1048576K
}
Event: 6.654 GC heap after
{Heap after GC invocations=25 (full 2):
 PSYoungGen      total 25088K, used 2737K [0x00000000d5580000, 0x00000000d7100000, 0x0000000100000000)
  eden space 22016K, 0% used [0x00000000d5580000,0x00000000d5580000,0x00000000d6b00000)
  from space 3072K, 89% used [0x00000000d6b00000,0x00000000d6dac440,0x00000000d6e00000)
  to   space 3072K, 0% used [0x00000000d6e00000,0x00000000d6e00000,0x00000000d7100000)
 ParOldGen       total 68608K, used 28772K [0x0000000080000000, 0x0000000084300000, 0x00000000d5580000)
  object space 68608K, 41% used [0x0000000080000000,0x0000000081c19020,0x0000000084300000)
 Metaspace       used 52268K, committed 53696K, reserved 1114112K
  class space    used 5742K, committed 6400K, reserved 1048576K
}
Event: 6.694 GC heap before
{Heap before GC invocations=26 (full 2):
 PSYoungGen      total 25088K, used 24753K [0x00000000d5580000, 0x00000000d7100000, 0x0000000100000000)
  eden space 22016K, 100% used [0x00000000d5580000,0x00000000d6b00000,0x00000000d6b00000)
  from space 3072K, 89% used [0x00000000d6b00000,0x00000000d6dac440,0x00000000d6e00000)
  to   space 3072K, 0% used [0x00000000d6e00000,0x00000000d6e00000,0x00000000d7100000)
 ParOldGen       total 68608K, used 28772K [0x0000000080000000, 0x0000000084300000, 0x00000000d5580000)
  object space 68608K, 41% used [0x0000000080000000,0x0000000081c19020,0x0000000084300000)
 Metaspace       used 52282K, committed 53696K, reserved 1114112K
  class space    used 5742K, committed 6400K, reserved 1048576K
}
Event: 6.697 GC heap after
{Heap after GC invocations=26 (full 2):
 PSYoungGen      total 25088K, used 2530K [0x00000000d5580000, 0x00000000d7100000, 0x0000000100000000)
  eden space 22016K, 0% used [0x00000000d5580000,0x00000000d5580000,0x00000000d6b00000)
  from space 3072K, 82% used [0x00000000d6e00000,0x00000000d7078800,0x00000000d7100000)
  to   space 3072K, 0% used [0x00000000d6b00000,0x00000000d6b00000,0x00000000d6e00000)
 ParOldGen       total 68608K, used 31306K [0x0000000080000000, 0x0000000084300000, 0x00000000d5580000)
  object space 68608K, 45% used [0x0000000080000000,0x0000000081e92a30,0x0000000084300000)
 Metaspace       used 52282K, committed 53696K, reserved 1114112K
  class space    used 5742K, committed 6400K, reserved 1048576K
}
Event: 6.737 GC heap before
{Heap before GC invocations=27 (full 2):
 PSYoungGen      total 25088K, used 24546K [0x00000000d5580000, 0x00000000d7100000, 0x0000000100000000)
  eden space 22016K, 100% used [0x00000000d5580000,0x00000000d6b00000,0x00000000d6b00000)
  from space 3072K, 82% used [0x00000000d6e00000,0x00000000d7078800,0x00000000d7100000)
  to   space 3072K, 0% used [0x00000000d6b00000,0x00000000d6b00000,0x00000000d6e00000)
 ParOldGen       total 68608K, used 31306K [0x0000000080000000, 0x0000000084300000, 0x00000000d5580000)
  object space 68608K, 45% used [0x0000000080000000,0x0000000081e92a30,0x0000000084300000)
 Metaspace       used 52298K, committed 53760K, reserved 1114112K
  class space    used 5743K, committed 6400K, reserved 1048576K
}
Event: 6.740 GC heap after
{Heap after GC invocations=27 (full 2):
 PSYoungGen      total 25088K, used 2596K [0x00000000d5580000, 0x00000000d7100000, 0x0000000100000000)
  eden space 22016K, 0% used [0x00000000d5580000,0x00000000d5580000,0x00000000d6b00000)
  from space 3072K, 84% used [0x00000000d6b00000,0x00000000d6d89000,0x00000000d6e00000)
  to   space 3072K, 0% used [0x00000000d6e00000,0x00000000d6e00000,0x00000000d7100000)
 ParOldGen       total 68608K, used 33567K [0x0000000080000000, 0x0000000084300000, 0x00000000d5580000)
  object space 68608K, 48% used [0x0000000080000000,0x00000000820c7d90,0x0000000084300000)
 Metaspace       used 52298K, committed 53760K, reserved 1114112K
  class space    used 5743K, committed 6400K, reserved 1048576K
}
Event: 6.787 GC heap before
{Heap before GC invocations=28 (full 2):
 PSYoungGen      total 25088K, used 24612K [0x00000000d5580000, 0x00000000d7100000, 0x0000000100000000)
  eden space 22016K, 100% used [0x00000000d5580000,0x00000000d6b00000,0x00000000d6b00000)
  from space 3072K, 84% used [0x00000000d6b00000,0x00000000d6d89000,0x00000000d6e00000)
  to   space 3072K, 0% used [0x00000000d6e00000,0x00000000d6e00000,0x00000000d7100000)
 ParOldGen       total 68608K, used 33567K [0x0000000080000000, 0x0000000084300000, 0x00000000d5580000)
  object space 68608K, 48% used [0x0000000080000000,0x00000000820c7d90,0x0000000084300000)
 Metaspace       used 52335K, committed 53760K, reserved 1114112K
  class space    used 5743K, committed 6400K, reserved 1048576K
}
Event: 6.791 GC heap after
{Heap after GC invocations=28 (full 2):
 PSYoungGen      total 24576K, used 2424K [0x00000000d5580000, 0x00000000d7080000, 0x0000000100000000)
  eden space 22016K, 0% used [0x00000000d5580000,0x00000000d5580000,0x00000000d6b00000)
  from space 2560K, 94% used [0x00000000d6e00000,0x00000000d705e210,0x00000000d7080000)
  to   space 2560K, 0% used [0x00000000d6b80000,0x00000000d6b80000,0x00000000d6e00000)
 ParOldGen       total 68608K, used 36019K [0x0000000080000000, 0x0000000084300000, 0x00000000d5580000)
  object space 68608K, 52% used [0x0000000080000000,0x000000008232cd90,0x0000000084300000)
 Metaspace       used 52335K, committed 53760K, reserved 1114112K
  class space    used 5743K, committed 6400K, reserved 1048576K
}
Event: 6.986 GC heap before
{Heap before GC invocations=29 (full 2):
 PSYoungGen      total 24576K, used 24440K [0x00000000d5580000, 0x00000000d7080000, 0x0000000100000000)
  eden space 22016K, 100% used [0x00000000d5580000,0x00000000d6b00000,0x00000000d6b00000)
  from space 2560K, 94% used [0x00000000d6e00000,0x00000000d705e210,0x00000000d7080000)
  to   space 2560K, 0% used [0x00000000d6b80000,0x00000000d6b80000,0x00000000d6e00000)
 ParOldGen       total 68608K, used 36019K [0x0000000080000000, 0x0000000084300000, 0x00000000d5580000)
  object space 68608K, 52% used [0x0000000080000000,0x000000008232cd90,0x0000000084300000)
 Metaspace       used 53094K, committed 54592K, reserved 1114112K
  class space    used 5812K, committed 6464K, reserved 1048576K
}
Event: 6.989 GC heap after
{Heap after GC invocations=29 (full 2):
 PSYoungGen      total 24064K, used 1924K [0x00000000d5580000, 0x00000000d7000000, 0x0000000100000000)
  eden space 22016K, 0% used [0x00000000d5580000,0x00000000d5580000,0x00000000d6b00000)
  from space 2048K, 93% used [0x00000000d6b80000,0x00000000d6d61100,0x00000000d6d80000)
  to   space 2560K, 0% used [0x00000000d6d80000,0x00000000d6d80000,0x00000000d7000000)
 ParOldGen       total 68608K, used 38379K [0x0000000080000000, 0x0000000084300000, 0x00000000d5580000)
  object space 68608K, 55% used [0x0000000080000000,0x000000008257afa0,0x0000000084300000)
 Metaspace       used 53094K, committed 54592K, reserved 1114112K
  class space    used 5812K, committed 6464K, reserved 1048576K
}
Event: 7.300 GC heap before
{Heap before GC invocations=30 (full 2):
 PSYoungGen      total 24064K, used 23940K [0x00000000d5580000, 0x00000000d7000000, 0x0000000100000000)
  eden space 22016K, 100% used [0x00000000d5580000,0x00000000d6b00000,0x00000000d6b00000)
  from space 2048K, 93% used [0x00000000d6b80000,0x00000000d6d61100,0x00000000d6d80000)
  to   space 2560K, 0% used [0x00000000d6d80000,0x00000000d6d80000,0x00000000d7000000)
 ParOldGen       total 68608K, used 38379K [0x0000000080000000, 0x0000000084300000, 0x00000000d5580000)
  object space 68608K, 55% used [0x0000000080000000,0x000000008257afa0,0x0000000084300000)
 Metaspace       used 55035K, committed 56512K, reserved 1114112K
  class space    used 6012K, committed 6656K, reserved 1048576K
}
Event: 7.308 GC heap after
{Heap after GC invocations=30 (full 2):
 PSYoungGen      total 20992K, used 2549K [0x00000000d5580000, 0x00000000d7700000, 0x0000000100000000)
  eden space 18432K, 0% used [0x00000000d5580000,0x00000000d5580000,0x00000000d6780000)
  from space 2560K, 99% used [0x00000000d6d80000,0x00000000d6ffd5d8,0x00000000d7000000)
  to   space 6144K, 0% used [0x00000000d6780000,0x00000000d6780000,0x00000000d6d80000)
 ParOldGen       total 68608K, used 41126K [0x0000000080000000, 0x0000000084300000, 0x00000000d5580000)
  object space 68608K, 59% used [0x0000000080000000,0x0000000082829bc8,0x0000000084300000)
 Metaspace       used 55035K, committed 56512K, reserved 1114112K
  class space    used 6012K, committed 6656K, reserved 1048576K
}

