# JRE version: OpenJDK Runtime Environment Temurin-21.0.9+10 (21.0.9+10) (build 21.0.9+10-LTS)
# Java VM: OpenJDK 64-Bit Server VM Temurin-21.0.9+10 (21.0.9+10-LTS, mixed mode, sharing, tiered, compressed oops, compressed class ptrs, parallel gc, windows-amd64)
GC Precious Log:
 CardTable entry size: 512
 CPUs: 12 total, 12 available
 Memory: 16068M
 Large Page Support: Disabled
 NUMA Support: Disabled
 Compressed Oops: Enabled (32-bit)
 Alignments: Space 512K, Generation 512K, Heap 2M
 Heap Min Capacity: 100M
 Heap Initial Capacity: 100M
 Heap Max Capacity: 2G
 Pre-touch: Disabled
 Parallel Workers: 10
Heap:
 PSYoungGen      total 23040K, used 854K [0x00000000d5580000, 0x00000000d6d80000, 0x0000000100000000)
  eden space 22016K, 0% used [0x00000000d5580000,0x00000000d5580000,0x00000000d6b00000)
  from space 1024K, 83% used [0x00000000d6c80000,0x00000000d6d55b00,0x00000000d6d80000)
  to   space 1024K, 0% used [0x00000000d6b80000,0x00000000d6b80000,0x00000000d6c80000)
 ParOldGen       total 68608K, used 54066K [0x0000000080000000, 0x0000000084300000, 0x00000000d5580000)
  object space 68608K, 78% used [0x0000000080000000,0x00000000834ccae0,0x0000000084300000)
 Metaspace       used 58342K, committed 59776K, reserved 1114112K
  class space    used 6336K, committed 6976K, reserved 1048576K
GC Heap History (20 events):
Event: 11.634 GC heap after
{Heap after GC invocations=27 (full 2):
 PSYoungGen      total 24576K, used 2140K [0x00000000d5580000, 0x00000000d7000000, 0x0000000100000000)
  eden space 22016K, 0% used [0x00000000d5580000,0x00000000d5580000,0x00000000d6b00000)
  from space 2560K, 83% used [0x00000000d6b00000,0x00000000d6d172e0,0x00000000d6d80000)
  to   space 2560K, 0% used [0x00000000d6d80000,0x00000000d6d80000,0x00000000d7000000)
 ParOldGen       total 68608K, used 39019K [0x0000000080000000, 0x0000000084300000, 0x00000000d5580000)
  object space 68608K, 56% used [0x0000000080000000,0x000000008261aee8,0x0000000084300000)
 Metaspace       used 48891K, committed 50240K, reserved 1114112K
  class space    used 5357K, committed 5952K, reserved 1048576K
}
Event: 12.014 GC heap before
{Heap before GC invocations=28 (full 2):
 PSYoungGen      total 24576K, used 24118K [0x00000000d5580000, 0x00000000d7000000, 0x0000000100000000)
  eden space 22016K, 99% used [0x00000000d5580000,0x00000000d6af68d0,0x00000000d6b00000)
  from space 2560K, 83% used [0x00000000d6b00000,0x00000000d6d172e0,0x00000000d6d80000)
  to   space 2560K, 0% used [0x00000000d6d80000,0x00000000d6d80000,0x00000000d7000000)
 ParOldGen       total 68608K, used 39019K [0x0000000080000000, 0x0000000084300000, 0x00000000d5580000)
  object space 68608K, 56% used [0x0000000080000000,0x000000008261aee8,0x0000000084300000)
 Metaspace       used 51313K, committed 52672K, reserved 1114112K
  class space    used 5625K, committed 6272K, reserved 1048576K
}
Event: 12.017 GC heap after
{Heap after GC invocations=28 (full 2):
 PSYoungGen      total 23040K, used 660K [0x00000000d5580000, 0x00000000d6e80000, 0x0000000100000000)
  eden space 22016K, 0% used [0x00000000d5580000,0x00000000d5580000,0x00000000d6b00000)
  from space 1024K, 64% used [0x00000000d6d80000,0x00000000d6e253c8,0x00000000d6e80000)
  to   space 1536K, 0% used [0x00000000d6b80000,0x00000000d6b80000,0x00000000d6d00000)
 ParOldGen       total 68608K, used 40957K [0x0000000080000000, 0x0000000084300000, 0x00000000d5580000)
  object space 68608K, 59% used [0x0000000080000000,0x00000000827ff490,0x0000000084300000)
 Metaspace       used 51313K, committed 52672K, reserved 1114112K
  class space    used 5625K, committed 6272K, reserved 1048576K
}
Event: 12.382 GC heap before
{Heap before GC invocations=29 (full 2):
 PSYoungGen      total 23040K, used 22676K [0x00000000d5580000, 0x00000000d6e80000, 0x0000000100000000)
  eden space 22016K, 100% used [0x00000000d5580000,0x00000000d6b00000,0x00000000d6b00000)
  from space 1024K, 64% used [0x00000000d6d80000,0x00000000d6e253c8,0x00000000d6e80000)
  to   space 1536K, 0% used [0x00000000d6b80000,0x00000000d6b80000,0x00000000d6d00000)
 ParOldGen       total 68608K, used 40957K [0x0000000080000000, 0x0000000084300000, 0x00000000d5580000)
  object space 68608K, 59% used [0x0000000080000000,0x00000000827ff490,0x0000000084300000)
 Metaspace       used 52823K, committed 54272K, reserved 1114112K
  class space    used 5762K, committed 6400K, reserved 1048576K
}
Event: 12.383 GC heap after
{Heap after GC invocations=29 (full 2):
 PSYoungGen      total 23552K, used 720K [0x00000000d5580000, 0x00000000d6e00000, 0x0000000100000000)
  eden space 22016K, 0% used [0x00000000d5580000,0x00000000d5580000,0x00000000d6b00000)
  from space 1536K, 46% used [0x00000000d6b80000,0x00000000d6c34010,0x00000000d6d00000)
  to   space 1024K, 0% used [0x00000000d6d00000,0x00000000d6d00000,0x00000000d6e00000)
 ParOldGen       total 68608K, used 41473K [0x0000000080000000, 0x0000000084300000, 0x00000000d5580000)
  object space 68608K, 60% used [0x0000000080000000,0x00000000828806f0,0x0000000084300000)
 Metaspace       used 52823K, committed 54272K, reserved 1114112K
  class space    used 5762K, committed 6400K, reserved 1048576K
}
Event: 12.785 GC heap before
{Heap before GC invocations=30 (full 2):
 PSYoungGen      total 23552K, used 22736K [0x00000000d5580000, 0x00000000d6e00000, 0x0000000100000000)
  eden space 22016K, 100% used [0x00000000d5580000,0x00000000d6b00000,0x00000000d6b00000)
  from space 1536K, 46% used [0x00000000d6b80000,0x00000000d6c34010,0x00000000d6d00000)
  to   space 1024K, 0% used [0x00000000d6d00000,0x00000000d6d00000,0x00000000d6e00000)
 ParOldGen       total 68608K, used 41473K [0x0000000080000000, 0x0000000084300000, 0x00000000d5580000)
  object space 68608K, 60% used [0x0000000080000000,0x00000000828806f0,0x0000000084300000)
 Metaspace       used 55237K, committed 56640K, reserved 1114112K
  class space    used 6012K, committed 6656K, reserved 1048576K
}
Event: 12.787 GC heap after
{Heap after GC invocations=30 (full 2):
 PSYoungGen      total 23040K, used 984K [0x00000000d5580000, 0x00000000d6e00000, 0x0000000100000000)
  eden space 22016K, 0% used [0x00000000d5580000,0x00000000d5580000,0x00000000d6b00000)
  from space 1024K, 96% used [0x00000000d6d00000,0x00000000d6df6210,0x00000000d6e00000)
  to   space 1536K, 0% used [0x00000000d6b00000,0x00000000d6b00000,0x00000000d6c80000)
 ParOldGen       total 68608K, used 42065K [0x0000000080000000, 0x0000000084300000, 0x00000000d5580000)
  object space 68608K, 61% used [0x0000000080000000,0x0000000082914710,0x0000000084300000)
 Metaspace       used 55237K, committed 56640K, reserved 1114112K
  class space    used 6012K, committed 6656K, reserved 1048576K
}
Event: 13.126 GC heap before
{Heap before GC invocations=31 (full 2):
 PSYoungGen      total 23040K, used 23000K [0x00000000d5580000, 0x00000000d6e00000, 0x0000000100000000)
  eden space 22016K, 100% used [0x00000000d5580000,0x00000000d6b00000,0x00000000d6b00000)
  from space 1024K, 96% used [0x00000000d6d00000,0x00000000d6df6210,0x00000000d6e00000)
  to   space 1536K, 0% used [0x00000000d6b00000,0x00000000d6b00000,0x00000000d6c80000)
 ParOldGen       total 68608K, used 42065K [0x0000000080000000, 0x0000000084300000, 0x00000000d5580000)
  object space 68608K, 61% used [0x0000000080000000,0x0000000082914710,0x0000000084300000)
 Metaspace       used 57197K, committed 58560K, reserved 1114112K
  class space    used 6228K, committed 6848K, reserved 1048576K
}
Event: 13.130 GC heap after
{Heap after GC invocations=31 (full 2):
 PSYoungGen      total 23552K, used 1524K [0x00000000d5580000, 0x00000000d7000000, 0x0000000100000000)
  eden space 22016K, 0% used [0x00000000d5580000,0x00000000d5580000,0x00000000d6b00000)
  from space 1536K, 99% used [0x00000000d6b00000,0x00000000d6c7d0f0,0x00000000d6c80000)
  to   space 2560K, 0% used [0x00000000d6d80000,0x00000000d6d80000,0x00000000d7000000)
 ParOldGen       total 68608K, used 42810K [0x0000000080000000, 0x0000000084300000, 0x00000000d5580000)
  object space 68608K, 62% used [0x0000000080000000,0x00000000829cea00,0x0000000084300000)
 Metaspace       used 57197K, committed 58560K, reserved 1114112K
  class space    used 6228K, committed 6848K, reserved 1048576K
}
Event: 13.226 GC heap before
{Heap before GC invocations=32 (full 2):
 PSYoungGen      total 23552K, used 23540K [0x00000000d5580000, 0x00000000d7000000, 0x0000000100000000)
  eden space 22016K, 100% used [0x00000000d5580000,0x00000000d6b00000,0x00000000d6b00000)
  from space 1536K, 99% used [0x00000000d6b00000,0x00000000d6c7d0f0,0x00000000d6c80000)
  to   space 2560K, 0% used [0x00000000d6d80000,0x00000000d6d80000,0x00000000d7000000)
 ParOldGen       total 68608K, used 42810K [0x0000000080000000, 0x0000000084300000, 0x00000000d5580000)
  object space 68608K, 62% used [0x0000000080000000,0x00000000829cea00,0x0000000084300000)
 Metaspace       used 57440K, committed 58816K, reserved 1114112K
  class space    used 6243K, committed 6848K, reserved 1048576K
}
Event: 13.228 GC heap after
{Heap after GC invocations=32 (full 2):
 PSYoungGen      total 24576K, used 2023K [0x00000000d5580000, 0x00000000d7000000, 0x0000000100000000)
  eden space 22016K, 0% used [0x00000000d5580000,0x00000000d5580000,0x00000000d6b00000)
  from space 2560K, 79% used [0x00000000d6d80000,0x00000000d6f79d78,0x00000000d7000000)
  to   space 2560K, 0% used [0x00000000d6b00000,0x00000000d6b00000,0x00000000d6d80000)
 ParOldGen       total 68608K, used 44019K [0x0000000080000000, 0x0000000084300000, 0x00000000d5580000)
  object space 68608K, 64% used [0x0000000080000000,0x0000000082afce50,0x0000000084300000)
 Metaspace       used 57440K, committed 58816K, reserved 1114112K
  class space    used 6243K, committed 6848K, reserved 1048576K
}
Event: 13.374 GC heap before
{Heap before GC invocations=33 (full 2):
 PSYoungGen      total 24576K, used 24039K [0x00000000d5580000, 0x00000000d7000000, 0x0000000100000000)
  eden space 22016K, 100% used [0x00000000d5580000,0x00000000d6b00000,0x00000000d6b00000)
  from space 2560K, 79% used [0x00000000d6d80000,0x00000000d6f79d78,0x00000000d7000000)
  to   space 2560K, 0% used [0x00000000d6b00000,0x00000000d6b00000,0x00000000d6d80000)
 ParOldGen       total 68608K, used 44019K [0x0000000080000000, 0x0000000084300000, 0x00000000d5580000)
  object space 68608K, 64% used [0x0000000080000000,0x0000000082afce50,0x0000000084300000)
 Metaspace       used 57589K, committed 58944K, reserved 1114112K
  class space    used 6252K, committed 6848K, reserved 1048576K
}
Event: 13.377 GC heap after
{Heap after GC invocations=33 (full 2):
 PSYoungGen      total 23552K, used 1395K [0x00000000d5580000, 0x00000000d6f00000, 0x0000000100000000)
  eden space 22016K, 0% used [0x00000000d5580000,0x00000000d5580000,0x00000000d6b00000)
  from space 1536K, 90% used [0x00000000d6b00000,0x00000000d6c5cfd8,0x00000000d6c80000)
  to   space 2048K, 0% used [0x00000000d6d00000,0x00000000d6d00000,0x00000000d6f00000)
 ParOldGen       total 68608K, used 45513K [0x0000000080000000, 0x0000000084300000, 0x00000000d5580000)
  object space 68608K, 66% used [0x0000000080000000,0x0000000082c72468,0x0000000084300000)
 Metaspace       used 57589K, committed 58944K, reserved 1114112K
  class space    used 6252K, committed 6848K, reserved 1048576K
}
Event: 13.508 GC heap before
{Heap before GC invocations=34 (full 2):
 PSYoungGen      total 23552K, used 23411K [0x00000000d5580000, 0x00000000d6f00000, 0x0000000100000000)
  eden space 22016K, 100% used [0x00000000d5580000,0x00000000d6b00000,0x00000000d6b00000)
  from space 1536K, 90% used [0x00000000d6b00000,0x00000000d6c5cfd8,0x00000000d6c80000)
  to   space 2048K, 0% used [0x00000000d6d00000,0x00000000d6d00000,0x00000000d6f00000)
 ParOldGen       total 68608K, used 45513K [0x0000000080000000, 0x0000000084300000, 0x00000000d5580000)
  object space 68608K, 66% used [0x0000000080000000,0x0000000082c72468,0x0000000084300000)
 Metaspace       used 57931K, committed 59328K, reserved 1114112K
  class space    used 6296K, committed 6912K, reserved 1048576K
}
Event: 13.511 GC heap after
{Heap after GC invocations=34 (full 2):
 PSYoungGen      total 23552K, used 1470K [0x00000000d5580000, 0x00000000d6e80000, 0x0000000100000000)
  eden space 22016K, 0% used [0x00000000d5580000,0x00000000d5580000,0x00000000d6b00000)
  from space 1536K, 95% used [0x00000000d6d00000,0x00000000d6e6f968,0x00000000d6e80000)
  to   space 1536K, 0% used [0x00000000d6b00000,0x00000000d6b00000,0x00000000d6c80000)
 ParOldGen       total 68608K, used 50673K [0x0000000080000000, 0x0000000084300000, 0x00000000d5580000)
  object space 68608K, 73% used [0x0000000080000000,0x000000008317c6a0,0x0000000084300000)
 Metaspace       used 57931K, committed 59328K, reserved 1114112K
  class space    used 6296K, committed 6912K, reserved 1048576K
}
Event: 13.577 GC heap before
{Heap before GC invocations=35 (full 2):
 PSYoungGen      total 23552K, used 23486K [0x00000000d5580000, 0x00000000d6e80000, 0x0000000100000000)
  eden space 22016K, 100% used [0x00000000d5580000,0x00000000d6b00000,0x00000000d6b00000)
  from space 1536K, 95% used [0x00000000d6d00000,0x00000000d6e6f968,0x00000000d6e80000)
  to   space 1536K, 0% used [0x00000000d6b00000,0x00000000d6b00000,0x00000000d6c80000)
 ParOldGen       total 68608K, used 50673K [0x0000000080000000, 0x0000000084300000, 0x00000000d5580000)
  object space 68608K, 73% used [0x0000000080000000,0x000000008317c6a0,0x0000000084300000)
 Metaspace       used 58299K, committed 59776K, reserved 1114112K
  class space    used 6334K, committed 6976K, reserved 1048576K
}
Event: 13.579 GC heap after
{Heap after GC invocations=35 (full 2):
 PSYoungGen      total 23552K, used 768K [0x00000000d5580000, 0x00000000d6e00000, 0x0000000100000000)
  eden space 22016K, 0% used [0x00000000d5580000,0x00000000d5580000,0x00000000d6b00000)
  from space 1536K, 50% used [0x00000000d6b00000,0x00000000d6bc0000,0x00000000d6c80000)
  to   space 1536K, 0% used [0x00000000d6c80000,0x00000000d6c80000,0x00000000d6e00000)
 ParOldGen       total 68608K, used 52052K [0x0000000080000000, 0x0000000084300000, 0x00000000d5580000)
  object space 68608K, 75% used [0x0000000080000000,0x00000000832d5350,0x0000000084300000)
 Metaspace       used 58299K, committed 59776K, reserved 1114112K
  class space    used 6334K, committed 6976K, reserved 1048576K
}
Event: 13.638 GC heap before
{Heap before GC invocations=36 (full 2):
 PSYoungGen      total 23552K, used 15264K [0x00000000d5580000, 0x00000000d6e00000, 0x0000000100000000)
  eden space 22016K, 65% used [0x00000000d5580000,0x00000000d63a8370,0x00000000d6b00000)
  from space 1536K, 50% used [0x00000000d6b00000,0x00000000d6bc0000,0x00000000d6c80000)
  to   space 1536K, 0% used [0x00000000d6c80000,0x00000000d6c80000,0x00000000d6e00000)
 ParOldGen       total 68608K, used 52052K [0x0000000080000000, 0x0000000084300000, 0x00000000d5580000)
  object space 68608K, 75% used [0x0000000080000000,0x00000000832d5350,0x0000000084300000)
 Metaspace       used 58342K, committed 59776K, reserved 1114112K
  class space    used 6336K, committed 6976K, reserved 1048576K
}
Event: 14.644 GC heap after
{Heap after GC invocations=36 (full 2):
 PSYoungGen      total 23040K, used 854K [0x00000000d5580000, 0x00000000d6d80000, 0x0000000100000000)
  eden space 22016K, 0% used [0x00000000d5580000,0x00000000d5580000,0x00000000d6b00000)
  from space 1024K, 83% used [0x00000000d6c80000,0x00000000d6d55b00,0x00000000d6d80000)
  to   space 1024K, 0% used [0x00000000d6b80000,0x00000000d6b80000,0x00000000d6c80000)
 ParOldGen       total 68608K, used 54066K [0x0000000080000000, 0x0000000084300000, 0x00000000d5580000)
  object space 68608K, 78% used [0x0000000080000000,0x00000000834ccae0,0x0000000084300000)
 Metaspace       used 58342K, committed 59776K, reserved 1114112K
  class space    used 6336K, committed 6976K, reserved 1048576K
}
Event: 14.644 GC heap before
{Heap before GC invocations=37 (full 3):
 PSYoungGen      total 23040K, used 854K [0x00000000d5580000, 0x00000000d6d80000, 0x0000000100000000)
  eden space 22016K, 0% used [0x00000000d5580000,0x00000000d5580000,0x00000000d6b00000)
  from space 1024K, 83% used [0x00000000d6c80000,0x00000000d6d55b00,0x00000000d6d80000)
  to   space 1024K, 0% used [0x00000000d6b80000,0x00000000d6b80000,0x00000000d6c80000)
 ParOldGen       total 68608K, used 54066K [0x0000000080000000, 0x0000000084300000, 0x00000000d5580000)
  object space 68608K, 78% used [0x0000000080000000,0x00000000834ccae0,0x0000000084300000)
 Metaspace       used 58342K, committed 59776K, reserved 1114112K
  class space    used 6336K, committed 6976K, reserved 1048576K
}

